<?xml version="1.0" encoding="UTF-8"?>
<coverage generated="1689648949611" clover="3.2.0">
  <project timestamp="1689648949611" name="All files">
    <metrics statements="16" coveredstatements="13" conditionals="4" coveredconditionals="4" methods="5" coveredmethods="5" elements="25" coveredelements="22" complexity="0" loc="16" ncloc="16" packages="1" files="2" classes="2"/>
    <file name="App.js" path="/Users/duong.kieu/duong/GitHub/Portfolio/src/App.js">
      <metrics statements="13" coveredstatements="13" conditionals="4" coveredconditionals="4" methods="5" coveredmethods="5"/>
      <line num="7" count="7" type="stmt"/>
      <line num="8" count="7" type="stmt"/>
      <line num="9" count="7" type="stmt"/>
      <line num="11" count="7" type="stmt"/>
      <line num="13" count="2" type="stmt"/>
      <line num="16" count="7" type="stmt"/>
      <line num="17" count="2" type="stmt"/>
      <line num="18" count="2" type="stmt"/>
      <line num="19" count="2" type="stmt"/>
      <line num="22" count="7" type="stmt"/>
      <line num="23" count="5" type="stmt"/>
      <line num="28" count="7" type="stmt"/>
      <line num="33" count="2" type="stmt"/>
    </file>
    <file name="index.js" path="/Users/duong.kieu/duong/GitHub/Portfolio/src/index.js">
      <metrics statements="3" coveredstatements="0" conditionals="0" coveredconditionals="0" methods="0" coveredmethods="0"/>
      <line num="7" count="0" type="stmt"/>
      <line num="9" count="0" type="stmt"/>
      <line num="17" count="0" type="stmt"/>
    </file>
  </project>
</coverage>
