{"/Users/duong.kieu/duong/GitHub/Portfolio/src/App.js": {"path":"/Users/duong.kieu/duong/GitHub/Portfolio/src/App.js","statementMap":{"0":{"start":{"line":7,"column":24},"end":{"line":7,"column":36}},"1":{"start":{"line":8,"column":30},"end":{"line":8,"column":64}},"2":{"start":{"line":9,"column":58},"end":{"line":9,"column":73}},"3":{"start":{"line":11,"column":2},"end":{"line":14,"column":9}},"4":{"start":{"line":13,"column":4},"end":{"line":13,"column":54}},"5":{"start":{"line":16,"column":23},"end":{"line":20,"column":3}},"6":{"start":{"line":17,"column":22},"end":{"line":17,"column":50}},"7":{"start":{"line":18,"column":28},"end":{"line":18,"column":61}},"8":{"start":{"line":19,"column":4},"end":{"line":19,"column":45}},"9":{"start":{"line":22,"column":16},"end":{"line":26,"column":3}},"10":{"start":{"line":23,"column":4},"end":{"line":25,"column":6}},"11":{"start":{"line":28,"column":2},"end":{"line":55,"column":4}},"12":{"start":{"line":33,"column":107},"end":{"line":33,"column":129}}},"fnMap":{"0":{"name":"App","decl":{"start":{"line":5,"column":9},"end":{"line":5,"column":12}},"loc":{"start":{"line":5,"column":15},"end":{"line":56,"column":1}},"line":5},"1":{"name":"(anonymous_1)","decl":{"start":{"line":11,"column":12},"end":{"line":11,"column":13}},"loc":{"start":{"line":11,"column":18},"end":{"line":14,"column":3}},"line":11},"2":{"name":"(anonymous_2)","decl":{"start":{"line":16,"column":23},"end":{"line":16,"column":24}},"loc":{"start":{"line":16,"column":29},"end":{"line":20,"column":3}},"line":16},"3":{"name":"(anonymous_3)","decl":{"start":{"line":22,"column":16},"end":{"line":22,"column":17}},"loc":{"start":{"line":22,"column":30},"end":{"line":26,"column":3}},"line":22},"4":{"name":"(anonymous_4)","decl":{"start":{"line":33,"column":100},"end":{"line":33,"column":101}},"loc":{"start":{"line":33,"column":107},"end":{"line":33,"column":129}},"line":33}},"branchMap":{"0":{"loc":{"start":{"line":42,"column":8},"end":{"line":45,"column":15}},"type":"binary-expr","locations":[{"start":{"line":42,"column":8},"end":{"line":42,"column":28}},{"start":{"line":42,"column":33},"end":{"line":45,"column":14}}],"line":42},"1":{"loc":{"start":{"line":49,"column":10},"end":{"line":52,"column":17}},"type":"binary-expr","locations":[{"start":{"line":49,"column":10},"end":{"line":49,"column":31}},{"start":{"line":49,"column":36},"end":{"line":52,"column":16}}],"line":49}},"s":{"0":7,"1":7,"2":7,"3":7,"4":2,"5":7,"6":2,"7":2,"8":2,"9":7,"10":5,"11":7,"12":2},"f":{"0":7,"1":2,"2":2,"3":5,"4":2},"b":{"0":[7,1],"1":[7,6]},"_coverageSchema":"1a1c01bbd47fc00a2c39e90264f33305004495a9","hash":"9873366472ad0d5afa83cf85a8a885ea3b62ce5e"}
,"/Users/duong.kieu/duong/GitHub/Portfolio/src/index.js": {"path":"/Users/duong.kieu/duong/GitHub/Portfolio/src/index.js","statementMap":{"0":{"start":{"line":7,"column":13},"end":{"line":7,"column":65}},"1":{"start":{"line":9,"column":0},"end":{"line":13,"column":2}},"2":{"start":{"line":17,"column":0},"end":{"line":17,"column":18}}},"fnMap":{},"branchMap":{},"s":{"0":0,"1":0,"2":0},"f":{},"b":{}}
}
